2026-06-12 21:50:35,668 [INFO] Starting player database build...
2026-06-12 21:50:35,669 [INFO] Fetching competitions...
2026-06-12 21:50:36,477 [INFO] Fetched 80 competitions
2026-06-12 21:50:36,478 [INFO] Using season column: season_name
2026-06-12 21:50:36,479 [INFO] Processing 1. Bundesliga 2023/2024...
2026-06-12 21:50:39,463 [ERROR] Error processing competition row: 'float' object has no attribute 'get'
2026-06-12 21:50:39,464 [INFO] Processing 1. Bundesliga 2015/2016...
2026-06-12 21:50:41,820 [ERROR] Error processing competition row: 'float' object has no attribute 'get'
2026-06-12 21:50:41,821 [INFO] Processing African Cup of Nations 2023...
2026-06-12 21:50:44,526 [ERROR] Error processing competition row: 'float' object has no attribute 'get'
2026-06-12 21:50:44,527 [INFO] Processing Champions League 2018/2019...
2026-06-12 21:50:47,425 [ERROR] Error processing competition row: 'float' object has no attribute 'get'
2026-06-12 21:50:47,426 [INFO] Processing Champions League 2017/2018...
2026-06-12 21:50:49,822 [ERROR] Error processing competition row: 'float' object has no attribute 'get'
2026-06-12 21:50:49,823 [INFO] Processing Champions League 2016/2017...
2026-06-12 21:50:52,070 [ERROR] Error processing competition row: 'float' object has no attribute 'get'
2026-06-12 21:50:52,071 [INFO] Processing Champions League 2015/2016...
2026-06-12 21:50:55,014 [ERROR] Error processing competition row: 'float' object has no attribute 'get'
2026-06-12 21:50:55,015 [INFO] Processing Champions League 2014/2015...
2026-06-12 21:50:57,575 [ERROR] Error processing competition row: 'float' object has no attribute 'get'
2026-06-12 21:50:57,576 [INFO] Processing Champions League 2013/2014...
2026-06-12 21:51:00,057 [ERROR] Error processing competition row: 'float' object has no attribute 'get'
2026-06-12 21:51:00,058 [INFO] Processing Champions League 2012/2013...
2026-06-12 21:51:02,364 [ERROR] Error processing competition row: 'float' object has no attribute 'get'
2026-06-12 21:51:02,365 [INFO] Processing Champions League 2011/2012...
2026-06-12 21:51:04,997 [ERROR] Error processing competition row: 'float' object has no attribute 'get'
2026-06-12 21:51:04,998 [INFO] Processing Champions League 2010/2011...
2026-06-12 21:51:07,521 [ERROR] Error processing competition row: 'float' object has no attribute 'get'
2026-06-12 21:51:07,521 [INFO] Processing Champions League 2009/2010...
2026-06-12 21:51:10,313 [ERROR] Error processing competition row: 'float' object has no attribute 'get'
2026-06-12 21:51:10,313 [INFO] Processing Champions League 2008/2009...
2026-06-12 21:51:12,615 [ERROR] Error processing competition row: 'float' object has no attribute 'get'
2026-06-12 21:51:12,616 [INFO] Processing Champions League 2006/2007...
2026-06-12 21:51:14,857 [ERROR] Error processing competition row: 'float' object has no attribute 'get'
2026-06-12 21:51:14,858 [INFO] Processing Champions League 2004/2005...
2026-06-12 21:51:17,157 [ERROR] Error processing competition row: 'float' object has no attribute 'get'
2026-06-12 21:51:17,158 [INFO] Processing Champions League 2003/2004...
2026-06-12 21:51:19,853 [ERROR] Error processing competition row: 'float' object has no attribute 'get'
2026-06-12 21:51:19,854 [INFO] Processing Champions League 1999/2000...
2026-06-12 21:51:22,153 [ERROR] Error processing competition row: 'float' object has no attribute 'get'
2026-06-12 21:51:22,154 [INFO] Processing Champions League 1972/1973...
2026-06-12 21:51:25,059 [ERROR] Error processing competition row: 'float' object has no attribute 'get'
2026-06-12 21:51:25,060 [INFO] Processing Champions League 1971/1972...
2026-06-12 21:51:27,645 [ERROR] Error processing competition row: 'float' object has no attribute 'get'
2026-06-12 21:51:27,646 [INFO] Processing Champions League 1970/1971...
2026-06-12 21:51:30,256 [ERROR] Error processing competition row: 'float' object has no attribute 'get'
2026-06-12 21:51:30,257 [INFO] Processing Copa America 2024...
2026-06-12 21:51:32,608 [ERROR] Error processing competition row: 'float' object has no attribute 'get'
2026-06-12 21:51:32,608 [INFO] Processing Copa del Rey 1983/1984...
2026-06-12 21:51:34,835 [ERROR] Error processing competition row: 'float' object has no attribute 'get'
2026-06-12 21:51:34,835 [INFO] Processing Copa del Rey 1982/1983...
2026-06-12 21:51:37,324 [ERROR] Error processing competition row: 'float' object has no attribute 'get'
2026-06-12 21:51:37,325 [INFO] Processing Copa del Rey 1977/1978...
2026-06-12 21:51:39,621 [ERROR] Error processing competition row: 'float' object has no attribute 'get'
2026-06-12 21:51:39,622 [INFO] Processing FA Women's Super League 2023/2024...
2026-06-12 21:51:42,272 [ERROR] Error processing competition row: 'float' object has no attribute 'get'
2026-06-12 21:51:42,273 [INFO] Processing FA Women's Super League 2020/2021...
2026-06-12 21:51:44,764 [ERROR] Error processing competition row: 'float' object has no attribute 'get'
2026-06-12 21:51:44,764 [INFO] Processing FA Women's Super League 2019/2020...
2026-06-12 21:51:47,294 [ERROR] Error processing competition row: 'float' object has no attribute 'get'
2026-06-12 21:51:47,295 [INFO] Processing FA Women's Super League 2018/2019...
2026-06-12 21:51:50,464 [ERROR] Error processing competition row: 'float' object has no attribute 'get'
2026-06-12 21:51:50,464 [INFO] Processing FIFA U20 World Cup 1979...
2026-06-12 21:51:53,619 [ERROR] Error processing competition row: 'float' object has no attribute 'get'
2026-06-12 21:51:53,620 [INFO] Processing FIFA World Cup 2022...
2026-06-12 21:51:56,185 [ERROR] Error processing competition row: 'float' object has no attribute 'get'
2026-06-12 21:51:56,186 [INFO] Processing FIFA World Cup 2018...
2026-06-12 21:51:58,956 [ERROR] Error processing competition row: 'float' object has no attribute 'get'
2026-06-12 21:51:58,957 [INFO] Processing FIFA World Cup 1990...
2026-06-12 21:52:01,647 [ERROR] Error processing competition row: 'float' object has no attribute 'get'
2026-06-12 21:52:01,648 [INFO] Processing FIFA World Cup 1986...
2026-06-12 21:52:04,007 [ERROR] Error processing competition row: 'float' object has no attribute 'get'
2026-06-12 21:52:04,008 [INFO] Processing FIFA World Cup 1974...
2026-06-12 21:52:06,277 [ERROR] Error processing competition row: 'float' object has no attribute 'get'
2026-06-12 21:52:06,277 [INFO] Processing FIFA World Cup 1970...
2026-06-12 21:52:08,617 [ERROR] Error processing competition row: 'float' object has no attribute 'get'
2026-06-12 21:52:08,617 [INFO] Processing FIFA World Cup 1962...
2026-06-12 21:52:11,231 [ERROR] Error processing competition row: 'float' object has no attribute 'get'
2026-06-12 21:52:11,232 [INFO] Processing FIFA World Cup 1958...
2026-06-12 21:52:13,550 [ERROR] Error processing competition row: 'float' object has no attribute 'get'
2026-06-12 21:52:13,551 [INFO] Processing Frauen Bundesliga 2023/2024...
2026-06-12 21:52:16,467 [ERROR] Error processing competition row: 'float' object has no attribute 'get'
2026-06-12 21:52:16,468 [INFO] Processing Indian Super league 2021/2022...
2026-06-12 21:52:18,821 [ERROR] Error processing competition row: 'float' object has no attribute 'get'
2026-06-12 21:52:18,822 [INFO] Processing La Liga 2020/2021...
2026-06-12 21:52:21,374 [ERROR] Error processing competition row: 'float' object has no attribute 'get'
2026-06-12 21:52:21,374 [INFO] Processing La Liga 2019/2020...
2026-06-12 21:52:24,125 [ERROR] Error processing competition row: 'float' object has no attribute 'get'
2026-06-12 21:52:24,125 [INFO] Processing La Liga 2018/2019...
2026-06-12 21:52:26,430 [ERROR] Error processing competition row: 'float' object has no attribute 'get'
2026-06-12 21:52:26,431 [INFO] Processing La Liga 2017/2018...
2026-06-12 21:52:28,986 [ERROR] Error processing competition row: 'float' object has no attribute 'get'
2026-06-12 21:52:28,987 [INFO] Processing La Liga 2016/2017...
2026-06-12 21:52:32,822 [ERROR] Error processing competition row: 'float' object has no attribute 'get'
2026-06-12 21:52:32,823 [INFO] Processing La Liga 2015/2016...
2026-06-12 21:52:36,283 [ERROR] Error processing competition row: 'float' object has no attribute 'get'
2026-06-12 21:52:36,283 [INFO] Processing La Liga 2014/2015...
2026-06-12 21:52:38,636 [ERROR] Error processing competition row: 'float' object has no attribute 'get'
2026-06-12 21:52:38,636 [INFO] Processing La Liga 2013/2014...
2026-06-12 21:52:41,095 [ERROR] Error processing competition row: 'float' object has no attribute 'get'
2026-06-12 21:52:41,096 [INFO] Processing La Liga 2012/2013...
2026-06-12 21:52:43,525 [ERROR] Error processing competition row: 'float' object has no attribute 'get'
2026-06-12 21:52:43,526 [INFO] Processing La Liga 2011/2012...
2026-06-12 21:52:46,351 [ERROR] Error processing competition row: 'float' object has no attribute 'get'
2026-06-12 21:52:46,351 [INFO] Processing La Liga 2010/2011...
2026-06-12 21:52:48,850 [ERROR] Error processing competition row: 'float' object has no attribute 'get'
2026-06-12 21:52:48,850 [INFO] Processing La Liga 2009/2010...
2026-06-12 21:52:51,253 [ERROR] Error processing competition row: 'float' object has no attribute 'get'
2026-06-12 21:52:51,254 [INFO] Processing La Liga 2008/2009...
2026-06-12 21:52:53,863 [ERROR] Error processing competition row: 'float' object has no attribute 'get'
2026-06-12 21:52:53,863 [INFO] Processing La Liga 2007/2008...
2026-06-12 21:52:56,125 [ERROR] Error processing competition row: 'float' object has no attribute 'get'
2026-06-12 21:52:56,126 [INFO] Processing La Liga 2006/2007...
2026-06-12 21:52:58,744 [ERROR] Error processing competition row: 'float' object has no attribute 'get'
2026-06-12 21:52:58,745 [INFO] Processing La Liga 2005/2006...
2026-06-12 21:53:01,268 [ERROR] Error processing competition row: 'float' object has no attribute 'get'
2026-06-12 21:53:01,269 [INFO] Processing La Liga 2004/2005...
2026-06-12 21:53:03,591 [ERROR] Error processing competition row: 'float' object has no attribute 'get'
2026-06-12 21:53:03,592 [INFO] Processing La Liga 1973/1974...
2026-06-12 21:53:05,815 [ERROR] Error processing competition row: 'float' object has no attribute 'get'
2026-06-12 21:53:05,816 [INFO] Processing Liga F 2023/2024...
2026-06-12 21:53:08,554 [ERROR] Error processing competition row: 'float' object has no attribute 'get'
2026-06-12 21:53:08,555 [INFO] Processing Liga Profesional 1997/1998...
2026-06-12 21:53:10,940 [ERROR] Error processing competition row: 'float' object has no attribute 'get'
2026-06-12 21:53:10,940 [INFO] Processing Liga Profesional 1981...
2026-06-12 21:53:13,173 [ERROR] Error processing competition row: 'float' object has no attribute 'get'
2026-06-12 21:53:13,174 [INFO] Processing Ligue 1 2022/2023...
2026-06-12 21:53:16,033 [ERROR] Error processing competition row: 'float' object has no attribute 'get'
2026-06-12 21:53:16,034 [INFO] Processing Ligue 1 2021/2022...
2026-06-12 21:53:18,601 [ERROR] Error processing competition row: 'float' object has no attribute 'get'
2026-06-12 21:53:18,602 [INFO] Processing Ligue 1 2015/2016...
2026-06-12 21:53:22,569 [ERROR] Error processing competition row: 'float' object has no attribute 'get'
2026-06-12 21:53:22,574 [INFO] Processing Major League Soccer 2023...
2026-06-12 21:53:25,715 [ERROR] Error processing competition row: 'float' object has no attribute 'get'
2026-06-12 21:53:25,716 [INFO] Processing North American League 1977...
2026-06-12 21:53:28,029 [ERROR] Error processing competition row: 'float' object has no attribute 'get'
2026-06-12 21:53:28,030 [INFO] Processing NWSL 2023...
2026-06-12 21:53:30,760 [ERROR] Error processing competition row: 'float' object has no attribute 'get'
2026-06-12 21:53:30,761 [INFO] Processing NWSL 2018...
2026-06-12 21:53:33,592 [ERROR] Error processing competition row: 'float' object has no attribute 'get'
2026-06-12 21:53:33,593 [INFO] Processing Premier League 2015/2016...
2026-06-12 21:53:37,224 [ERROR] Error processing competition row: 'float' object has no attribute 'get'
2026-06-12 21:53:37,224 [INFO] Processing Premier League 2003/2004...
2026-06-12 21:53:39,558 [ERROR] Error processing competition row: 'float' object has no attribute 'get'
2026-06-12 21:53:39,559 [INFO] Processing Serie A 2015/2016...
2026-06-12 21:53:42,549 [ERROR] Error processing competition row: 'float' object has no attribute 'get'
2026-06-12 21:53:42,550 [INFO] Processing Serie A 1986/1987...
2026-06-12 21:53:45,104 [ERROR] Error processing competition row: 'float' object has no attribute 'get'
2026-06-12 21:53:45,104 [INFO] Processing Serie A Women 2023/2024...
2026-06-12 21:53:47,785 [ERROR] Error processing competition row: 'float' object has no attribute 'get'
2026-06-12 21:53:47,785 [INFO] Processing UEFA Euro 2024...
2026-06-12 21:53:50,514 [ERROR] Error processing competition row: 'float' object has no attribute 'get'
2026-06-12 21:53:50,514 [INFO] Processing UEFA Euro 2020...
2026-06-12 21:53:52,865 [ERROR] Error processing competition row: 'float' object has no attribute 'get'
2026-06-12 21:53:52,865 [INFO] Processing UEFA Europa League 1988/1989...
2026-06-12 21:53:55,312 [ERROR] Error processing competition row: 'float' object has no attribute 'get'
2026-06-12 21:53:55,312 [INFO] Processing UEFA Women's Euro 2025...
2026-06-12 21:53:58,227 [ERROR] Error processing competition row: 'float' object has no attribute 'get'
2026-06-12 21:53:58,227 [INFO] Processing UEFA Women's Euro 2022...
2026-06-12 21:54:00,695 [ERROR] Error processing competition row: 'float' object has no attribute 'get'
2026-06-12 21:54:00,695 [INFO] Processing Women's World Cup 2023...
2026-06-12 21:54:03,512 [ERROR] Error processing competition row: 'float' object has no attribute 'get'
2026-06-12 21:54:03,513 [INFO] Processing Women's World Cup 2019...
2026-06-12 21:54:05,978 [ERROR] Error processing competition row: 'float' object has no attribute 'get'
2026-06-12 21:54:05,978 [INFO] Processed 3961 matches with 282857 events
2026-06-12 21:54:05,979 [INFO] Aggregating player statistics...
2026-06-12 21:54:05,979 [INFO] Built statistics for 0 player-season combinations
2026-06-12 21:54:05,980 [INFO] Formatting players for export...
2026-06-12 21:54:05,983 [INFO] Exported 0 players to C:\Users\ahmed\galactico11\src\data\players.json
2026-06-12 21:54:05,983 [INFO] Player database build complete!
